MySQL and Pandas are used to solve these task given on July 24th
Reading the given files
Connecting to SQL database
connection established 
Loading attributes and sales dataset to SQL
     Dress_ID    Style    Price  ...  Decoration Pattern Type Recommendation
0  1006032852     Sexy      Low  ...     ruffles       animal              1
1  1212192089   Casual      Low  ...     ruffles       animal              0
2  1190380701  vintage     High  ...         NaN        print              0
3   966005983    Brief  Average  ...  embroidary        print              1
4   876339541     cute      Low  ...         bow          dot              0

[5 rows x 14 columns]
     Dress_ID  29/8/2013  ...  2013-10-10 00:00:00  2013-12-10 00:00:00
0  1006032852       2114  ...               3985.0                 4048
1  1212192089        151  ...               4125.0                 4277
2  1190380701          6  ...                 11.0                   11
3   966005983       1005  ...               1959.0                 1963
4   876339541        996  ...               2693.0                 2736

[5 rows x 24 columns]
reading attributes and sales data set from SQL
     Dress_ID    Style    Price  ...  Decoration Pattern Type Recommendation
0  1006032852     Sexy      Low  ...     ruffles       animal              1
1  1212192089   Casual      Low  ...     ruffles       animal              0
2  1190380701  vintage     High  ...        None        print              0
3   966005983    Brief  Average  ...  embroidary        print              1
4   876339541     cute      Low  ...         bow          dot              0

[5 rows x 14 columns]
     Dress_ID  29/8/2013  ...  2013-10-10 00:00:00  2013-12-10 00:00:00
0  1006032852       2114  ...               3985.0                 4048
1  1212192089        151  ...               4125.0                 4277
2  1190380701          6  ...                 11.0                   11
3   966005983       1005  ...               1959.0                 1963
4   876339541        996  ...               2693.0                 2736

[5 rows x 24 columns]
Converting dataset attributes to JSON format
JSON Formated Attributes dataset

None
Connecting to MongoDB to insert Attributes dataset in JSON format
Joining attributes and sales dataset with respect to Dress_ID
Attributes and Sales data set is combined and stored as Attribute_Sales_combined.xlsx
Combined dataset

     Dress_ID    Style  ... 2013-10-10 00:00:00  2013-12-10 00:00:00
0  1006032852     Sexy  ...              3985.0                 4048
1  1212192089   Casual  ...              4125.0                 4277
2  1190380701  vintage  ...                11.0                   11
3   966005983    Brief  ...              1959.0                 1963
4   876339541     cute  ...              2693.0                 2736

[5 rows x 38 columns]
Finding No.of Unique Dress_ID
No.of unique Dress_ID: 
   count(distinct Dress_ID)
0                       475
Finding Dress_ID with Reccomendation = 0
Total No. of Dress_ID with recomendation = 0 are 
   count(Dress_ID)
0              290
Finding Total sales per Dress_ID
New sales dataset with Total sales per Dress_ID

     Dress_ID  29/8/2013  ...  2013-12-10 00:00:00  Total
0  1006032852       2114  ...                 4048  56193
1  1212192089        151  ...                 4277  40519
2  1190380701          6  ...                   11    162
3   966005983       1005  ...                 1963  28986
4   876339541        996  ...                 2736  33617

[5 rows x 25 columns]
Finding 3rd Highest Dress by Total Sales
3rd Highest dress sales is:

    Dress_ID  Total
0  749031896  56640
End of Task
